{"contracts/FundMe.sol":{"l":{"25":0,"26":0,"30":0,"32":0,"33":0,"40":0,"41":0,"45":0,"46":0,"47":0,"49":0,"56":0,"57":0,"72":0,"76":0},"path":"/Users/abdellatifanaflous/Desktop/Projects/Solidity/contracts/FundMe.sol","s":{"1":0,"2":0,"3":0,"4":0,"5":0,"6":0,"7":0,"8":0,"9":0,"10":0,"11":0,"12":0,"13":0},"b":{"1":[0,0],"2":[0,0],"3":[0,0]},"f":{"1":0,"2":0,"3":0,"4":0,"5":0},"fnMap":{"1":{"name":"constructor","line":24,"loc":{"start":{"line":24,"column":4},"end":{"line":27,"column":4}}},"2":{"name":"fund","line":29,"loc":{"start":{"line":29,"column":4},"end":{"line":34,"column":4}}},"3":{"name":"onlyOwner","line":38,"loc":{"start":{"line":38,"column":4},"end":{"line":42,"column":4}}},"4":{"name":"withdraw","line":44,"loc":{"start":{"line":44,"column":4},"end":{"line":58,"column":4}}},"5":{"name":null,"line":71,"loc":{"start":{"line":71,"column":4},"end":{"line":73,"column":4}}}},"statementMap":{"1":{"start":{"line":25,"column":8},"end":{"line":25,"column":27}},"2":{"start":{"line":26,"column":8},"end":{"line":26,"column":58}},"3":{"start":{"line":30,"column":8},"end":{"line":30,"column":100}},"4":{"start":{"line":32,"column":8},"end":{"line":32,"column":53}},"5":{"start":{"line":33,"column":8},"end":{"line":33,"column":31}},"6":{"start":{"line":40,"column":8},"end":{"line":40,"column":59}},"7":{"start":{"line":45,"column":8},"end":{"line":45,"column":1388}},"8":{"start":{"line":46,"column":12},"end":{"line":46,"column":49}},"9":{"start":{"line":47,"column":12},"end":{"line":47,"column":44}},"10":{"start":{"line":49,"column":8},"end":{"line":49,"column":33}},"11":{"start":{"line":56,"column":8},"end":{"line":56,"column":89}},"12":{"start":{"line":57,"column":8},"end":{"line":57,"column":42}},"13":{"start":{"line":72,"column":8},"end":{"line":72,"column":13}}},"branchMap":{"1":{"line":30,"type":"if","locations":[{"start":{"line":30,"column":8},"end":{"line":30,"column":8}},{"start":{"line":30,"column":8},"end":{"line":30,"column":8}}]},"2":{"line":40,"type":"if","locations":[{"start":{"line":40,"column":8},"end":{"line":40,"column":8}},{"start":{"line":40,"column":8},"end":{"line":40,"column":8}}]},"3":{"line":57,"type":"if","locations":[{"start":{"line":57,"column":8},"end":{"line":57,"column":8}},{"start":{"line":57,"column":8},"end":{"line":57,"column":8}}]}}},"contracts/PriceConverter.sol":{"l":{"16":0,"18":0,"27":0,"28":0,"30":0},"path":"/Users/abdellatifanaflous/Desktop/Projects/Solidity/contracts/PriceConverter.sol","s":{"1":0,"2":0,"3":0,"4":0,"5":0},"b":{},"f":{"1":0,"2":0},"fnMap":{"1":{"name":"getPrice","line":10,"loc":{"start":{"line":10,"column":4},"end":{"line":19,"column":4}}},"2":{"name":"getConversionRate","line":22,"loc":{"start":{"line":22,"column":4},"end":{"line":31,"column":4}}}},"statementMap":{"1":{"start":{"line":16,"column":8},"end":{"line":16,"column":61}},"2":{"start":{"line":18,"column":8},"end":{"line":18,"column":44}},"3":{"start":{"line":27,"column":8},"end":{"line":27,"column":46}},"4":{"start":{"line":28,"column":8},"end":{"line":28,"column":77}},"5":{"start":{"line":30,"column":8},"end":{"line":30,"column":29}}},"branchMap":{}},"contracts/SimpleStorage.sol":{"l":{"17":1,"21":1,"25":0,"26":0},"path":"/Users/abdellatifanaflous/Desktop/Projects/Solidity/contracts/SimpleStorage.sol","s":{"1":1,"2":1,"3":0,"4":0},"b":{},"f":{"1":1,"2":1,"3":0},"fnMap":{"1":{"name":"store","line":16,"loc":{"start":{"line":16,"column":4},"end":{"line":18,"column":4}}},"2":{"name":"retrieve","line":20,"loc":{"start":{"line":20,"column":4},"end":{"line":22,"column":4}}},"3":{"name":"addPerson","line":24,"loc":{"start":{"line":24,"column":4},"end":{"line":27,"column":4}}}},"statementMap":{"1":{"start":{"line":17,"column":8},"end":{"line":17,"column":39}},"2":{"start":{"line":21,"column":8},"end":{"line":21,"column":29}},"3":{"start":{"line":25,"column":8},"end":{"line":25,"column":50}},"4":{"start":{"line":26,"column":8},"end":{"line":26,"column":52}}},"branchMap":{}},"contracts/test/MockV3Aggregator.sol":{"l":{},"path":"/Users/abdellatifanaflous/Desktop/Projects/Solidity/contracts/test/MockV3Aggregator.sol","s":{},"b":{},"f":{},"fnMap":{},"statementMap":{},"branchMap":{}}}